build/outputs/logs/manifest-merger-debug-report.txt
-- Merging decision tree log ---
manifest
ADDED from src\main\AndroidManifest.xml:2:1-81:12
INJECTED from src\main\AndroidManifest.xml:2:1-81:12
INJECTED from src\main\AndroidManifest.xml:2:1-81:12
INJECTED from src\main\AndroidManifest.xml:2:1-81:12
INJECTED from src\main\AndroidManifest.xml:2:1-81:12
INJECTED from src\main\AndroidManifest.xml:2:1-81:12
INJECTED from src\main\AndroidManifest.xml:2:1-81:12
	package
		ADDED from src\main\AndroidManifest.xml:4:5-38
		INJECTED from src\main\AndroidManifest.xml
		INJECTED from src\main\AndroidManifest.xml
	android:versionName
		INJECTED from src\main\AndroidManifest.xml
		ADDED from src\main\AndroidManifest.xml:2:1-81:12
		INJECTED from src\main\AndroidManifest.xml
	xmlns:tools
		ADDED from src\main\AndroidManifest.xml:3:5-51
	android:versionCode
		INJECTED from src\main\AndroidManifest.xml
		ADDED from src\main\AndroidManifest.xml:2:1-81:12
		INJECTED from src\main\AndroidManifest.xml
	xmlns:android
		ADDED from src\main\AndroidManifest.xml:2:11-69
	android:installLocation
		ADDED from src\main\AndroidManifest.xml:5:5-45
uses-permission#android.permission.SYSTEM_ALERT_WINDOW
ADDED from src\main\AndroidManifest.xml:8:3-75
	android:name
		ADDED from src\main\AndroidManifest.xml:8:20-73
uses-permission#android.permission.ACTION_MANAGE_OVERLAY_PERMISSION
ADDED from src\main\AndroidManifest.xml:9:5-90
	android:name
		ADDED from src\main\AndroidManifest.xml:9:22-88
supports-screens
ADDED from src\main\AndroidManifest.xml:12:5-17:40
	android:largeScreens
		ADDED from src\main\AndroidManifest.xml:14:9-36
	android:smallScreens
		ADDED from src\main\AndroidManifest.xml:16:9-36
	android:normalScreens
		ADDED from src\main\AndroidManifest.xml:15:9-37
	android:xlargeScreens
		ADDED from src\main\AndroidManifest.xml:17:9-37
	android:anyDensity
		ADDED from src\main\AndroidManifest.xml:13:9-34
application
ADDED from src\main\AndroidManifest.xml:18:5-66:19
	android:label
		ADDED from src\main\AndroidManifest.xml:21:9-41
	android:icon
		ADDED from src\main\AndroidManifest.xml:20:9-40
	android:theme
		ADDED from src\main\AndroidManifest.xml:22:9-62
service#com.DefaultCompany.Cube.CubeOverlay
ADDED from src\main\AndroidManifest.xml:24:7-28:17
	android:enabled
		ADDED from src\main\AndroidManifest.xml:26:11-33
	android:exported
		ADDED from src\main\AndroidManifest.xml:27:11-34
	android:name
		ADDED from src\main\AndroidManifest.xml:25:11-38
activity#com.DefaultCompany.Cube.UnityPlayerActivity
ADDED from src\main\AndroidManifest.xml:30:9-48:20
	android:screenOrientation
		ADDED from src\main\AndroidManifest.xml:36:13-51
	android:label
		ADDED from src\main\AndroidManifest.xml:34:13-45
	android:launchMode
		ADDED from src\main\AndroidManifest.xml:35:13-44
	android:hardwareAccelerated
		ADDED from src\main\AndroidManifest.xml:33:13-48
	android:configChanges
		ADDED from src\main\AndroidManifest.xml:32:13-194
	android:name
		ADDED from src\main\AndroidManifest.xml:31:13-48
intent-filter#action:name:android.intent.action.MAIN+category:name:android.intent.category.LAUNCHER
ADDED from src\main\AndroidManifest.xml:37:13-40:29
action#android.intent.action.MAIN
ADDED from src\main\AndroidManifest.xml:38:17-69
	android:name
		ADDED from src\main\AndroidManifest.xml:38:25-66
category#android.intent.category.LAUNCHER
ADDED from src\main\AndroidManifest.xml:39:17-77
	android:name
		ADDED from src\main\AndroidManifest.xml:39:27-74
meta-data#unityplayer.UnityActivity
ADDED from src\main\AndroidManifest.xml:42:13-44:40
	android:value
		ADDED from src\main\AndroidManifest.xml:44:17-37
	android:name
		ADDED from src\main\AndroidManifest.xml:43:17-57
meta-data#android.notch_support
ADDED from src\main\AndroidManifest.xml:45:13-47:40
	android:value
		ADDED from src\main\AndroidManifest.xml:47:17-37
	android:name
		ADDED from src\main\AndroidManifest.xml:46:17-53
meta-data#unity.build-id
ADDED from src\main\AndroidManifest.xml:50:9-52:68
	android:value
		ADDED from src\main\AndroidManifest.xml:52:13-65
	android:name
		ADDED from src\main\AndroidManifest.xml:51:13-42
meta-data#unity.splash-mode
ADDED from src\main\AndroidManifest.xml:53:9-55:33
	android:value
		ADDED from src\main\AndroidManifest.xml:55:13-30
	android:name
		ADDED from src\main\AndroidManifest.xml:54:13-45
meta-data#unity.splash-enable
ADDED from src\main\AndroidManifest.xml:56:9-58:36
	android:value
		ADDED from src\main\AndroidManifest.xml:58:13-33
	android:name
		ADDED from src\main\AndroidManifest.xml:57:13-47
meta-data#notch.config
ADDED from src\main\AndroidManifest.xml:59:9-61:50
	android:value
		ADDED from src\main\AndroidManifest.xml:61:13-47
	android:name
		ADDED from src\main\AndroidManifest.xml:60:13-40
activity#com.DefaultCompany.Cube.MainActivity
ADDED from src\main\AndroidManifest.xml:63:9-59
	android:name
		ADDED from src\main\AndroidManifest.xml:63:19-47
uses-feature#0x00020000
ADDED from src\main\AndroidManifest.xml:68:5-54
	android:glEsVersion
		ADDED from src\main\AndroidManifest.xml:68:19-51
uses-feature#android.hardware.vulkan.version
ADDED from src\main\AndroidManifest.xml:69:5-71:36
	android:required
		ADDED from src\main\AndroidManifest.xml:71:9-33
	android:name
		ADDED from src\main\AndroidManifest.xml:70:9-55
uses-feature#android.hardware.touchscreen
ADDED from src\main\AndroidManifest.xml:72:5-74:36
	android:required
		ADDED from src\main\AndroidManifest.xml:74:9-33
	android:name
		ADDED from src\main\AndroidManifest.xml:73:9-52
uses-feature#android.hardware.touchscreen.multitouch
ADDED from src\main\AndroidManifest.xml:75:5-77:36
	android:required
		ADDED from src\main\AndroidManifest.xml:77:9-33
	android:name
		ADDED from src\main\AndroidManifest.xml:76:9-63
uses-feature#android.hardware.touchscreen.multitouch.distinct
ADDED from src\main\AndroidManifest.xml:78:5-80:36
	android:required
		ADDED from src\main\AndroidManifest.xml:80:9-33
	android:name
		ADDED from src\main\AndroidManifest.xml:79:9-72
uses-sdk
INJECTED from src\main\AndroidManifest.xml reason: use-sdk injection requested
INJECTED from src\main\AndroidManifest.xml
INJECTED from src\main\AndroidManifest.xml
INJECTED from src\main\AndroidManifest.xml
INJECTED from src\main\AndroidManifest.xml
	android:targetSdkVersion
		INJECTED from src\main\AndroidManifest.xml
		ADDED from src\main\AndroidManifest.xml
		INJECTED from src\main\AndroidManifest.xml
	android:minSdkVersion
		INJECTED from src\main\AndroidManifest.xml
		ADDED from src\main\AndroidManifest.xml
		INJECTED from src\main\AndroidManifest.xml